Using pre-set license
Built from '2021.2/staging' branch; Version is '2021.2.7f1 (6bd9e232123f) revision 7068130'; Using compiler version '192829333'; Build Type 'Release'
OS: 'Windows 10  (10.0.19045) 64bit Core' Language: 'cs' Physical Memory: 16251 MB
BatchMode: 1, IsHumanControllingUs: 0, StartBugReporterOnCrash: 0, Is64bit: 1, IsPro: 0

COMMAND LINE ARGUMENTS:
D:\Unity 2021.2.7f1\Editor\Unity.exe
-adb2
-batchMode
-noUpm
-name
AssetImportWorker1
-projectPath
D:/Programování/NEW PROJECTS ON NAS/Unity/NEWHORRORGAME/HorrorGame
-logFile
Logs/AssetImportWorker1.log
-srvPort
47446
Successfully changed project path to: D:/Programování/NEW PROJECTS ON NAS/Unity/NEWHORRORGAME/HorrorGame
D:/Programování/NEW PROJECTS ON NAS/Unity/NEWHORRORGAME/HorrorGame
[UnityMemory] Configuration Parameters - Can be set up in boot.config
    "memorysetup-bucket-allocator-granularity=16"
    "memorysetup-bucket-allocator-bucket-count=8"
    "memorysetup-bucket-allocator-block-size=33554432"
    "memorysetup-bucket-allocator-block-count=8"
    "memorysetup-main-allocator-block-size=16777216"
    "memorysetup-thread-allocator-block-size=16777216"
    "memorysetup-gfx-main-allocator-block-size=16777216"
    "memorysetup-gfx-thread-allocator-block-size=16777216"
    "memorysetup-cache-allocator-block-size=4194304"
    "memorysetup-typetree-allocator-block-size=2097152"
    "memorysetup-profiler-bucket-allocator-granularity=16"
    "memorysetup-profiler-bucket-allocator-bucket-count=8"
    "memorysetup-profiler-bucket-allocator-block-size=33554432"
    "memorysetup-profiler-bucket-allocator-block-count=8"
    "memorysetup-profiler-allocator-block-size=16777216"
    "memorysetup-profiler-editor-allocator-block-size=1048576"
    "memorysetup-temp-allocator-size-main=16777216"
    "memorysetup-job-temp-allocator-block-size=2097152"
    "memorysetup-job-temp-allocator-block-size-background=1048576"
    "memorysetup-job-temp-allocator-reduction-small-platforms=262144"
    "memorysetup-temp-allocator-size-background-worker=32768"
    "memorysetup-temp-allocator-size-job-worker=262144"
    "memorysetup-temp-allocator-size-preload-manager=33554432"
    "memorysetup-temp-allocator-size-nav-mesh-worker=65536"
    "memorysetup-temp-allocator-size-audio-worker=65536"
    "memorysetup-temp-allocator-size-cloud-worker=32768"
    "memorysetup-temp-allocator-size-gi-baking-worker=262144"
    "memorysetup-temp-allocator-size-gfx=262144"
Refreshing native plugins compatible for Editor in 112.74 ms, found 3 plugins.
Preloading 0 native plugins for Editor in 0.00 ms.
Initialize engine version: 2021.2.7f1 (6bd9e232123f)
[Subsystems] Discovering subsystems at path D:/Unity 2021.2.7f1/Editor/Data/Resources/UnitySubsystems
[Subsystems] Discovering subsystems at path D:/Programování/NEW PROJECTS ON NAS/Unity/NEWHORRORGAME/HorrorGame/Assets
GfxDevice: creating device client; threaded=0; jobified=0
Direct3D:
    Version:  Direct3D 11.0 [level 11.1]
    Renderer: NVIDIA GeForce GTX 1050 Ti (ID=0x1c82)
    Vendor:   NVIDIA
    VRAM:     4017 MB
    Driver:   31.0.15.3770
Initialize mono
Mono path[0] = 'D:/Unity 2021.2.7f1/Editor/Data/Managed'
Mono path[1] = 'D:/Unity 2021.2.7f1/Editor/Data/MonoBleedingEdge/lib/mono/unityjit-win32'
Mono config path = 'D:/Unity 2021.2.7f1/Editor/Data/MonoBleedingEdge/etc'
Using monoOptions --debugger-agent=transport=dt_socket,embedding=1,server=y,suspend=n,address=127.0.0.1:56936
Begin MonoManager ReloadAssembly
Registering precompiled unity dll's ...
Register platform support module: D:/Unity 2021.2.7f1/Editor/Data/PlaybackEngines/WindowsStandaloneSupport/UnityEditor.WindowsStandalone.Extensions.dll
Registered in 0.002338 seconds.
Native extension for WindowsStandalone target not found
Refreshing native plugins compatible for Editor in 108.77 ms, found 3 plugins.
Preloading 0 native plugins for Editor in 0.00 ms.
Mono: successfully reloaded assembly
- Completed reload, in  0.650 seconds
Domain Reload Profiling:
	ReloadAssembly (650ms)
		BeginReloadAssembly (72ms)
			ExecutionOrderSort (0ms)
			DisableScriptedObjects (0ms)
			BackupInstance (0ms)
			ReleaseScriptingObjects (0ms)
			CreateAndSetChildDomain (1ms)
		EndReloadAssembly (507ms)
			LoadAssemblies (71ms)
			RebuildTransferFunctionScriptingTraits (0ms)
			SetupTypeCache (105ms)
			ReleaseScriptCaches (0ms)
			RebuildScriptCaches (29ms)
			SetupLoadedEditorAssemblies (323ms)
				LogAssemblyErrors (0ms)
				InitializePlatformSupportModulesInManaged (15ms)
				SetLoadedEditorAssemblies (0ms)
				RefreshPlugins (109ms)
				BeforeProcessingInitializeOnLoad (1ms)
				ProcessInitializeOnLoadAttributes (149ms)
				ProcessInitializeOnLoadMethodAttributes (49ms)
				AfterProcessingInitializeOnLoad (0ms)
				EditorAssembliesLoaded (0ms)
			ExecutionOrderSort2 (0ms)
			AwakeInstancesAfterBackupRestoration (0ms)
Platform modules already initialized, skipping
Registering precompiled user dll's ...
Registered in 0.005890 seconds.
Begin MonoManager ReloadAssembly
Symbol file LoadedFromMemory doesn't match image D:\Programování\NEW PROJECTS ON NAS\Unity\NEWHORRORGAME\HorrorGame\Library\PackageCache\com.unity.visualscripting@1.7.6\Editor\VisualScripting.Core\Dependencies\YamlDotNet\Unity.VisualScripting.YamlDotNet.dll
Symbol file LoadedFromMemory doesn't match image D:\Programování\NEW PROJECTS ON NAS\Unity\NEWHORRORGAME\HorrorGame\Library\PackageCache\com.unity.visualscripting@1.7.6\Editor\VisualScripting.Core\Dependencies\DotNetZip\Unity.VisualScripting.IonicZip.dll
Native extension for WindowsStandalone target not found
Refreshing native plugins compatible for Editor in 0.77 ms, found 3 plugins.
Preloading 0 native plugins for Editor in 0.00 ms.
Mono: successfully reloaded assembly
- Completed reload, in  3.177 seconds
Domain Reload Profiling:
	ReloadAssembly (3178ms)
		BeginReloadAssembly (179ms)
			ExecutionOrderSort (0ms)
			DisableScriptedObjects (9ms)
			BackupInstance (0ms)
			ReleaseScriptingObjects (0ms)
			CreateAndSetChildDomain (60ms)
		EndReloadAssembly (2806ms)
			LoadAssemblies (1188ms)
			RebuildTransferFunctionScriptingTraits (0ms)
			SetupTypeCache (388ms)
			ReleaseScriptCaches (1ms)
			RebuildScriptCaches (50ms)
			SetupLoadedEditorAssemblies (1159ms)
				LogAssemblyErrors (0ms)
				InitializePlatformSupportModulesInManaged (11ms)
				SetLoadedEditorAssemblies (0ms)
				RefreshPlugins (1ms)
				BeforeProcessingInitializeOnLoad (92ms)
				ProcessInitializeOnLoadAttributes (972ms)
				ProcessInitializeOnLoadMethodAttributes (79ms)
				AfterProcessingInitializeOnLoad (4ms)
				EditorAssembliesLoaded (0ms)
			ExecutionOrderSort2 (0ms)
			AwakeInstancesAfterBackupRestoration (10ms)
Platform modules already initialized, skipping
========================================================================
Worker process is ready to serve import requests
Launched and connected shader compiler UnityShaderCompiler.exe after 0.13 seconds
Refreshing native plugins compatible for Editor in 0.96 ms, found 3 plugins.
Preloading 0 native plugins for Editor in 0.00 ms.
Unloading 3661 Unused Serialized files (Serialized files now loaded: 0)
Unloading 27 unused Assets / (88.8 KB). Loaded Objects now: 4143.
Memory consumption went from 145.0 MB to 145.0 MB.
Total: 3.405700 ms (FindLiveObjects: 0.290700 ms CreateObjectMapping: 0.288900 ms MarkObjects: 2.723400 ms  DeleteObjects: 0.101400 ms)

AssetImportParameters requested are different than current active one (requested -> active):
  custom:video-decoder-ogg-theora: a1e56fd34408186e4bbccfd4996cb3dc -> 
  custom:container-muxer-webm: aa71ff27fc2769a1b78a27578f13a17b -> 
  custom:container-demuxer-webm: 4f35f7cbe854078d1ac9338744f61a02 -> 
  custom:video-encoder-webm-vp8: eb34c28f22e8b96e1ab97ce403110664 -> 
  custom:audio-encoder-webm-vorbis: bf7c407c2cedff20999df2af8eb42d56 -> 
  custom:framework-win-MediaFoundation: 216162199b28c13a410421893ffa2e32 -> 
  custom:container-demuxer-ogg: 62fdf1f143b41e24485cea50d1cbac27 -> 
  custom:video-decoder-webm-vp8: 9c59270c3fd7afecdb556c50c9e8de78 -> 
  custom:audio-decoder-ogg-vorbis: bf7c407c2cedff20999df2af8eb42d56 -> 
========================================================================
Received Import Request.
  Time since last request: 29990.700038 seconds.
  path: Assets/Models/parapet/Black marble_Occlusion.jpg
  artifactKey: Guid(bc5d61470249200478529d67dde49740) Importer(815301076,1909f56bfc062723c751e8b465ee728b)
Start importing Assets/Models/parapet/Black marble_Occlusion.jpg using Guid(bc5d61470249200478529d67dde49740) Importer(815301076,1909f56bfc062723c751e8b465ee728b)  -> (artifact id: '4c44c12000bc777a22f69ae7ad233bf1') in 0.259983 seconds 
========================================================================
Received Import Request.
  Time since last request: 0.000025 seconds.
  path: Assets/Models/parapet/Black marble_Albedo.jpg
  artifactKey: Guid(0a2b9992e0c6f6d4186c182ce4f4017e) Importer(815301076,1909f56bfc062723c751e8b465ee728b)
Start importing Assets/Models/parapet/Black marble_Albedo.jpg using Guid(0a2b9992e0c6f6d4186c182ce4f4017e) Importer(815301076,1909f56bfc062723c751e8b465ee728b)  -> (artifact id: '39e379737fbec5d1363dcd2b5011d99f') in 0.012120 seconds 
========================================================================
Received Import Request.
  Time since last request: 0.000024 seconds.
  path: Assets/Models/parapet/Black marble_Height.jpg
  artifactKey: Guid(94a70a6740b3e4e43bc4c3e800802ff1) Importer(815301076,1909f56bfc062723c751e8b465ee728b)
Start importing Assets/Models/parapet/Black marble_Height.jpg using Guid(94a70a6740b3e4e43bc4c3e800802ff1) Importer(815301076,1909f56bfc062723c751e8b465ee728b)  -> (artifact id: 'ac07cac98bb061bc09a2846df016a395') in 0.025378 seconds 
========================================================================
Received Import Request.
  Time since last request: 0.000016 seconds.
  path: Assets/Models/parapet
  artifactKey: Guid(2a708fcc2585bc84d868b3362043cd94) Importer(815301076,1909f56bfc062723c751e8b465ee728b)
Start importing Assets/Models/parapet using Guid(2a708fcc2585bc84d868b3362043cd94) Importer(815301076,1909f56bfc062723c751e8b465ee728b)  -> (artifact id: 'e694f2c1720ef379c56c841eb27fa4bd') in 0.001863 seconds 
========================================================================
Received Import Request.
  Time since last request: 0.000018 seconds.
  path: Assets/Models/parapet/Black marble_Metallic.jpg
  artifactKey: Guid(ac85fe606a70e714293f8af1fa42bbd8) Importer(815301076,1909f56bfc062723c751e8b465ee728b)
Start importing Assets/Models/parapet/Black marble_Metallic.jpg using Guid(ac85fe606a70e714293f8af1fa42bbd8) Importer(815301076,1909f56bfc062723c751e8b465ee728b)  -> (artifact id: '02f1ced67e0cf2ad0f7547890ae8a0e3') in 0.018884 seconds 
========================================================================
Received Import Request.
  Time since last request: 0.000016 seconds.
  path: Assets/Models/parapet/Black marble_Normal.jpg
  artifactKey: Guid(48bb3dffd9e17024d9afb670b330d89f) Importer(815301076,1909f56bfc062723c751e8b465ee728b)
Start importing Assets/Models/parapet/Black marble_Normal.jpg using Guid(48bb3dffd9e17024d9afb670b330d89f) Importer(815301076,1909f56bfc062723c751e8b465ee728b)  -> (artifact id: 'da57fc14e0cd2b6449274943f2ed3839') in 0.007959 seconds 
========================================================================
Received Import Request.
  Time since last request: 5.884896 seconds.
  path: Assets/Models/parapet/parapet.blend
  artifactKey: Guid(23aee951eadafbf44bd8dcd158645c27) Importer(815301076,1909f56bfc062723c751e8b465ee728b)
Start importing Assets/Models/parapet/parapet.blend using Guid(23aee951eadafbf44bd8dcd158645c27) Importer(815301076,1909f56bfc062723c751e8b465ee728b)  -> (artifact id: 'a005045f3a73615d57c6503f41337636') in 0.206848 seconds 
========================================================================
Received Import Request.
  Time since last request: 43.452156 seconds.
  path: Assets/Models/parapet/parapet.fbx
  artifactKey: Guid(06682936b576c134f9f07bea076a2224) Importer(815301076,1909f56bfc062723c751e8b465ee728b)
Start importing Assets/Models/parapet/parapet.fbx using Guid(06682936b576c134f9f07bea076a2224) Importer(815301076,1909f56bfc062723c751e8b465ee728b)  -> (artifact id: 'f1f709424944bbec1043cadf003a946a') in 0.029777 seconds 
========================================================================
Received Import Request.
  Time since last request: 106.142084 seconds.
  path: Assets/Models/parapet/Black marble_Normal.jpg
  artifactKey: Guid(48bb3dffd9e17024d9afb670b330d89f) Importer(815301076,1909f56bfc062723c751e8b465ee728b)
Start importing Assets/Models/parapet/Black marble_Normal.jpg using Guid(48bb3dffd9e17024d9afb670b330d89f) Importer(815301076,1909f56bfc062723c751e8b465ee728b)  -> (artifact id: '4f636d281879525abd5f7925db5d645a') in 0.032861 seconds 
========================================================================
Received Import Request.
  Time since last request: 295.425570 seconds.
  path: Assets/Models/parapet/parapet.fbx
  artifactKey: Guid(06682936b576c134f9f07bea076a2224) Importer(815301076,1909f56bfc062723c751e8b465ee728b)
Start importing Assets/Models/parapet/parapet.fbx using Guid(06682936b576c134f9f07bea076a2224) Importer(815301076,1909f56bfc062723c751e8b465ee728b)  -> (artifact id: 'fc92c9659a35a41500af6e548101780e') in 0.057480 seconds 
========================================================================
Received Import Request.
  Time since last request: 816.457735 seconds.
  path: Assets/Models/pinboard
  artifactKey: Guid(ebddc9ea1a96e2349806f7f46c9d2bdf) Importer(815301076,1909f56bfc062723c751e8b465ee728b)
Start importing Assets/Models/pinboard using Guid(ebddc9ea1a96e2349806f7f46c9d2bdf) Importer(815301076,1909f56bfc062723c751e8b465ee728b)  -> (artifact id: '803225864092ee183108d7af74c2236b') in 0.001944 seconds 
========================================================================
Received Import Request.
  Time since last request: 4.030310 seconds.
  path: Assets/Models/pinboard/pinboard.fbx
  artifactKey: Guid(04d7688617cf23d448f6ede5a5441bd3) Importer(815301076,1909f56bfc062723c751e8b465ee728b)
Start importing Assets/Models/pinboard/pinboard.fbx using Guid(04d7688617cf23d448f6ede5a5441bd3) Importer(815301076,1909f56bfc062723c751e8b465ee728b)  -> (artifact id: '93195a1c107f9f0a6e7483b477bcd60b') in 0.025659 seconds 
========================================================================
Received Import Request.
  Time since last request: 48.533673 seconds.
  path: Assets/Models/pinboard/pinboard.fbx
  artifactKey: Guid(04d7688617cf23d448f6ede5a5441bd3) Importer(815301076,1909f56bfc062723c751e8b465ee728b)
Start importing Assets/Models/pinboard/pinboard.fbx using Guid(04d7688617cf23d448f6ede5a5441bd3) Importer(815301076,1909f56bfc062723c751e8b465ee728b)  -> (artifact id: '52b159fdbecb0d6bd37cfb9af15f47b1') in 0.026085 seconds 
